<?xml version="1.0" encoding="UTF-8"?>
<!-- Generated by org.testng.reporters.JUnitXMLReporter -->
<testsuite ignored="0" hostname="LAPTOP-ML7ORHO5" failures="0" tests="10" name="Default test" time="17.537" errors="0" timestamp="2023-09-20T15:59:43 IST">
  <testcase classname="api.test.UserDataDrivenTest" name="testMultiplePostUsers" time="2.974"/>
  <testcase classname="api.test.UserDataDrivenTest" name="testMultiplePostUsers" time="1.485"/>
  <testcase classname="api.test.UserDataDrivenTest" name="testMultiplePostUsers" time="1.459"/>
  <testcase classname="api.test.UserDataDrivenTest" name="testMultiplePostUsers" time="1.46"/>
  <testcase classname="api.test.UserDataDrivenTest" name="testMultiplePostUsers" time="1.428"/>
  <testcase classname="api.test.UserDataDrivenTest" name="testDeleteUserByName" time="1.474"/>
  <testcase classname="api.test.UserDataDrivenTest" name="testDeleteUserByName" time="1.458"/>
  <testcase classname="api.test.UserDataDrivenTest" name="testDeleteUserByName" time="1.415"/>
  <testcase classname="api.test.UserDataDrivenTest" name="testDeleteUserByName" time="1.472"/>
  <testcase classname="api.test.UserDataDrivenTest" name="testDeleteUserByName" time="1.474"/>
</testsuite> <!-- Default test -->
