<?xml version="1.0" encoding="UTF-8"?>
<testng-results ignored="0" total="4" passed="4" failed="0" skipped="0">
  <reporter-output>
  </reporter-output>
  <suite started-at="2023-09-20T23:14:46 IST" name="Suite" finished-at="2023-09-20T23:14:57 IST" duration-ms="11326">
    <groups>
    </groups>
    <test started-at="2023-09-20T23:14:46 IST" name="Test" finished-at="2023-09-20T23:14:57 IST" duration-ms="11326">
      <class name="api.test.UserTests">
        <test-method is-config="true" signature="setupData()[pri:0, instance:api.test.UserTests@7193666c]" started-at="2023-09-20T23:14:46 IST" name="setupData" finished-at="2023-09-20T23:14:47 IST" duration-ms="953" status="PASS">
          <reporter-output>
          </reporter-output>
        </test-method> <!-- setupData -->
        <test-method signature="testPostUser()[pri:1, instance:api.test.UserTests@7193666c]" started-at="2023-09-20T23:14:47 IST" name="testPostUser" finished-at="2023-09-20T23:14:50 IST" duration-ms="3654" status="PASS">
          <reporter-output>
          </reporter-output>
        </test-method> <!-- testPostUser -->
        <test-method signature="testGETUserByName()[pri:2, instance:api.test.UserTests@7193666c]" started-at="2023-09-20T23:14:50 IST" name="testGETUserByName" finished-at="2023-09-20T23:14:52 IST" duration-ms="1594" status="PASS">
          <reporter-output>
          </reporter-output>
        </test-method> <!-- testGETUserByName -->
        <test-method signature="testUpdateUserByName()[pri:3, instance:api.test.UserTests@7193666c]" started-at="2023-09-20T23:14:52 IST" name="testUpdateUserByName" finished-at="2023-09-20T23:14:55 IST" duration-ms="3164" status="PASS">
          <reporter-output>
          </reporter-output>
        </test-method> <!-- testUpdateUserByName -->
        <test-method signature="testDeleteUserByName()[pri:4, instance:api.test.UserTests@7193666c]" started-at="2023-09-20T23:14:55 IST" name="testDeleteUserByName" finished-at="2023-09-20T23:14:57 IST" duration-ms="1687" status="PASS">
          <reporter-output>
          </reporter-output>
        </test-method> <!-- testDeleteUserByName -->
      </class> <!-- api.test.UserTests -->
    </test> <!-- Test -->
  </suite> <!-- Suite -->
</testng-results>
