<?xml version="1.0" encoding="UTF-8"?>
<testng-results ignored="0" total="4" passed="4" failed="0" skipped="0">
  <reporter-output>
  </reporter-output>
  <suite started-at="2023-09-20T19:35:15 IST" name="Suite" finished-at="2023-09-20T19:35:27 IST" duration-ms="11729">
    <groups>
    </groups>
    <test started-at="2023-09-20T19:35:15 IST" name="Test" finished-at="2023-09-20T19:35:27 IST" duration-ms="11729">
      <class name="api.test.UserTests">
        <test-method is-config="true" signature="setupData()[pri:0, instance:api.test.UserTests@5c6648b0]" started-at="2023-09-20T19:35:16 IST" name="setupData" finished-at="2023-09-20T19:35:17 IST" duration-ms="989" status="PASS">
          <reporter-output>
          </reporter-output>
        </test-method> <!-- setupData -->
        <test-method signature="testPostUser()[pri:1, instance:api.test.UserTests@5c6648b0]" started-at="2023-09-20T19:35:17 IST" name="testPostUser" finished-at="2023-09-20T19:35:20 IST" duration-ms="3553" status="PASS">
          <reporter-output>
          </reporter-output>
        </test-method> <!-- testPostUser -->
        <test-method signature="testGETUserByName()[pri:2, instance:api.test.UserTests@5c6648b0]" started-at="2023-09-20T19:35:20 IST" name="testGETUserByName" finished-at="2023-09-20T19:35:22 IST" duration-ms="1823" status="PASS">
          <reporter-output>
          </reporter-output>
        </test-method> <!-- testGETUserByName -->
        <test-method signature="testUpdateUserByName()[pri:3, instance:api.test.UserTests@5c6648b0]" started-at="2023-09-20T19:35:22 IST" name="testUpdateUserByName" finished-at="2023-09-20T19:35:25 IST" duration-ms="3410" status="PASS">
          <reporter-output>
          </reporter-output>
        </test-method> <!-- testUpdateUserByName -->
        <test-method signature="testDeleteUserByName()[pri:4, instance:api.test.UserTests@5c6648b0]" started-at="2023-09-20T19:35:25 IST" name="testDeleteUserByName" finished-at="2023-09-20T19:35:27 IST" duration-ms="1631" status="PASS">
          <reporter-output>
          </reporter-output>
        </test-method> <!-- testDeleteUserByName -->
      </class> <!-- api.test.UserTests -->
    </test> <!-- Test -->
  </suite> <!-- Suite -->
</testng-results>
